<?xml version="1.0" encoding="UTF-8"?>
<!-- Generated by org.testng.reporters.JUnitReportReporter -->
<testsuite hostname="Ravi" failures="0" tests="5" name="Teastng.dataProviderAnnotations" time="0.035" errors="0" timestamp="2023-04-05T16:09:43 IST" skipped="0">
  <testcase classname="Teastng.dataProviderAnnotations" name="TC1" time="0.013"/>
  <system-out/>
  <testcase classname="Teastng.dataProviderAnnotations" name="TC1" time="0.003"/>
  <system-out/>
  <testcase classname="Teastng.dataProviderAnnotations" name="TC1" time="0.011"/>
  <system-out/>
  <testcase classname="Teastng.dataProviderAnnotations" name="TC1" time="0.003"/>
  <system-out/>
  <testcase classname="Teastng.dataProviderAnnotations" name="TC1" time="0.005"/>
  <system-out/>
</testsuite> <!-- Teastng.dataProviderAnnotations -->
