<?xml version="1.0" encoding="UTF-8"?>
<!-- Generated by org.testng.reporters.JUnitReportReporter -->
<testsuite hostname="Ravi" failures="0" tests="3" name="Teastng.Sample1" time="0.024" errors="0" timestamp="2023-04-03T16:26:08 IST" skipped="0">
  <testcase classname="Teastng.Sample1" name="TC2" time="0.003"/>
  <system-out>
    <![CDATA[running test case2]]>
  </system-out>
  <testcase classname="Teastng.Sample1" name="TC1" time="0.016"/>
  <system-out>
    <![CDATA[running test case1]]>
  </system-out>
  <testcase classname="Teastng.Sample1" name="TC3" time="0.005"/>
  <system-out>
    <![CDATA[running test case3]]>
  </system-out>
</testsuite> <!-- Teastng.Sample1 -->
