<?xml version="1.0" encoding="UTF-8"?>
<!-- Generated by org.testng.reporters.JUnitReportReporter -->
<testsuite hostname="Ravi" failures="0" tests="1" name="Teastng.Testngclass" time="0.018" errors="0" timestamp="2023-03-30T22:53:38 IST" skipped="0">
  <testcase classname="Teastng.Testngclass" name="test" time="0.018"/>
  <system-out>
    <![CDATA[running test method
running test method]]>
  </system-out>
</testsuite> <!-- Teastng.Testngclass -->
