<?xml version="1.0" encoding="UTF-8"?>
<!-- Generated by org.testng.reporters.JUnitReportReporter -->
<testsuite hostname="Ravi" failures="0" tests="3" name="Teastng.Sample3" time="0.006" errors="0" timestamp="2023-04-03T16:26:07 IST" skipped="0">
  <testcase classname="Teastng.Sample3" name="TC8" time="0.002"/>
  <system-out>
    <![CDATA[running test case8]]>
  </system-out>
  <testcase classname="Teastng.Sample3" name="TC10" time="0.002"/>
  <system-out>
    <![CDATA[running test case10]]>
  </system-out>
  <testcase classname="Teastng.Sample3" name="TC9" time="0.002"/>
  <system-out>
    <![CDATA[running test case9]]>
  </system-out>
</testsuite> <!-- Teastng.Sample3 -->
