<?xml version="1.0" encoding="UTF-8"?>
<!-- Generated by org.testng.reporters.JUnitReportReporter -->
<testsuite hostname="Ravi" failures="0" tests="3" name="Teastng.Testng_Group" time="0.026" errors="0" timestamp="2023-04-04T15:44:02 IST" skipped="0">
  <testcase classname="Teastng.Testng_Group" name="TC7" time="0.007"/>
  <system-out>
    <![CDATA[running TC7]]>
  </system-out>
  <testcase classname="Teastng.Testng_Group" name="TC2" time="0.017"/>
  <system-out>
    <![CDATA[running TC2]]>
  </system-out>
  <testcase classname="Teastng.Testng_Group" name="TC4" time="0.002"/>
  <system-out>
    <![CDATA[running TC4]]>
  </system-out>
</testsuite> <!-- Teastng.Testng_Group -->
