<?xml version="1.0" encoding="UTF-8"?>
<!-- Generated by org.testng.reporters.JUnitReportReporter -->
<testsuite hostname="Ravi" failures="0" tests="1" name="Teastng.Sample2" time="0.019" errors="0" timestamp="2023-04-03T16:27:28 IST" skipped="0">
  <testcase classname="Teastng.Sample2" name="TC6" time="0.019"/>
  <system-out>
    <![CDATA[running test case6]]>
  </system-out>
</testsuite> <!-- Teastng.Sample2 -->
