<?xml version="1.0" encoding="UTF-8"?>
<!-- Generated by org.testng.reporters.JUnitReportReporter -->
<testsuite hostname="Ravi" failures="0" tests="1" name="Teastng.Parallel1" time="63.640" errors="0" timestamp="2023-04-05T15:11:31 IST" skipped="0">
  <testcase classname="Teastng.Parallel1" name="TC1" time="63.640"/>
  <system-out/>
</testsuite> <!-- Teastng.Parallel1 -->
