<?xml version="1.0" encoding="UTF-8"?>
<!-- Generated by org.testng.reporters.JUnitReportReporter -->
<testsuite hostname="Ravi" failures="0" tests="1" name="Teastng.Parallel2" time="22.828" errors="0" timestamp="2023-04-05T15:13:58 IST" skipped="0">
  <testcase classname="Teastng.Parallel2" name="TC2" time="22.828"/>
  <system-out/>
</testsuite> <!-- Teastng.Parallel2 -->
