<?xml version="1.0" encoding="UTF-8"?>
<!-- Generated by org.testng.reporters.JUnitReportReporter -->
<testsuite hostname="Ravi" failures="0" tests="1" name="DDF_POM_TestANg_baseclass_utility.Githubtest" time="76.051" errors="0" timestamp="2023-04-17T20:08:19 IST" skipped="0">
  <testcase classname="DDF_POM_TestANg_baseclass_utility.Githubtest" name="test" time="76.051"/>
  <system-out/>
</testsuite> <!-- DDF_POM_TestANg_baseclass_utility.Githubtest -->
